2017-11-10 11:12:08.073 INFO 图片重新生成报错信息：: GDI+ 中发生一般性错误。
2017-11-10 11:12:52.210 INFO 图片重新生成报错信息：: GDI+ 中发生一般性错误。
2017-11-10 11:17:13.967 INFO 图片重新生成报错信息：: GDI+ 中发生一般性错误。
2017-11-10 11:19:00.481 INFO 图片重新生成报错信息：: GDI+ 中发生一般性错误。
2017-11-10 11:21:20.909 INFO 图片重新生成报错信息：: GDI+ 中发生一般性错误。
2017-11-10 11:24:06.325 INFO 图片重新生成报错信息：: GDI+ 中发生一般性错误。
2017-11-10 11:27:42.067 INFO 图片重新生成报错信息：: GDI+ 中发生一般性错误。
2017-11-10 11:30:39.133 INFO 图片重新生成报错信息：: GDI+ 中发生一般性错误。
2017-11-10 11:36:28.192 INFO 图片重新生成报错信息：: GDI+ 中发生一般性错误。
2017-11-10 11:42:58.896 INFO 图片重新生成报错信息：: GDI+ 中发生一般性错误。
2017-11-10 11:46:28.970 INFO 图片重新生成报错信息：: GDI+ 中发生一般性错误。
2017-11-10 11:47:55.719 INFO 图片重新生成报错信息：: GDI+ 中发生一般性错误。
2017-11-10 12:05:24.144 INFO 图片重新生成报错信息：: 远程服务器返回错误: (404) 未找到。
2017-11-10 12:10:18.891 INFO 图片重新生成报错信息：: 未将对象引用设置到对象的实例。
2017-11-10 18:08:52.070 INFO info_null: yxcs
2017-11-10 18:08:59.272 INFO info_null: yxcs
2017-11-10 18:29:36.507 INFO sql1s: SELECT   state,followtext,follow,followImg FROM dbo.Hotel_Admin ha  where ha.AdminHotelid='@AdminHotelid'
2017-11-10 18:29:36.951 INFO sql1s: SELECT   state,followtext,follow,followImg FROM dbo.Hotel_Admin ha  where ha.AdminHotelid='@AdminHotelid'
2017-11-10 18:31:18.036 INFO sql1s: SELECT   state,followtext,follow,followImg FROM dbo.Hotel_Admin ha  where ha.AdminHotelid='@AdminHotelid'1
2017-11-10 18:31:37.804 INFO sql1s: SELECT   state,followtext,follow,followImg FROM dbo.Hotel_Admin ha  where ha.AdminHotelid='@AdminHotelid'1
2017-11-10 18:38:29.101 INFO sql1s: SELECT   state,followtext,follow,followImg FROM dbo.Hotel_Admin ha  where ha.AdminHotelid=@AdminHotelid1
