2018-05-03 15:39:23.930 DEBUG 配置账号信息: appid:wx41bd9e5d7867ad93
2018-05-03 15:39:23.941 DEBUG 配置账号信息: APPSECRET:ee8dfe055e22953e0f07adda79167fb5
2018-05-03 15:39:24.270 INFO //获取返回信息11----------)：: https://api.weixin.qq.com/cgi-bin/qrcode/create?access_token=
2018-05-03 15:39:24.704 INFO //获取返回信息22----------)：: {"errcode":41001,"errmsg":"access_token missing hint: [HikooA0168a509!]"}
2018-05-03 15:40:51.365 DEBUG 配置账号信息: appid:wx41bd9e5d7867ad93
2018-05-03 15:40:51.366 DEBUG 配置账号信息: APPSECRET:ee8dfe055e22953e0f07adda79167fb5
2018-05-03 15:40:51.534 INFO //获取返回信息11----------)：: https://api.weixin.qq.com/cgi-bin/qrcode/create?access_token=
2018-05-03 15:40:51.661 INFO //获取返回信息22----------)：: {"errcode":41001,"errmsg":"access_token missing hint: [9FGuMA02554142!]"}
2018-05-03 15:41:42.489 DEBUG 配置账号信息: appid:wx47f62011b0b0928c
2018-05-03 15:41:42.490 DEBUG 配置账号信息: APPSECRET:9cc1515a4df9c0f91f0958fef34c2442
2018-05-03 15:41:42.651 INFO //获取返回信息11----------)：: https://api.weixin.qq.com/cgi-bin/qrcode/create?access_token=
2018-05-03 15:41:42.797 INFO //获取返回信息22----------)：: {"errcode":41001,"errmsg":"access_token missing hint: [rc8fFa03061530!]"}
2018-05-03 16:42:14.152 INFO 错误页3: 3
2018-05-03 16:42:14.154 INFO 错误页4: 4
2018-05-03 16:42:17.206 DEBUG 配置账号信息: appid:wx41bd9e5d7867ad93
2018-05-03 16:42:17.210 DEBUG 配置账号信息: appid:wx41bd9e5d7867ad93
2018-05-03 16:42:17.211 DEBUG 配置账号信息: APPSECRET:ee8dfe055e22953e0f07adda79167fb5
2018-05-03 16:42:21.337 DEBUG 配置账号信息: appid:wx41bd9e5d7867ad93
2018-05-03 16:42:21.338 DEBUG 配置账号信息: appid:wx41bd9e5d7867ad93
2018-05-03 16:42:21.339 DEBUG 配置账号信息: APPSECRET:ee8dfe055e22953e0f07adda79167fb5
2018-05-03 16:42:32.376 DEBUG 配置账号信息: appid:wx41bd9e5d7867ad93
2018-05-03 16:42:32.377 DEBUG 配置账号信息: NOTIFY_URL:www.zidinn.com
2018-05-03 16:43:36.291 INFO 错误页3: 3
2018-05-03 16:43:36.292 INFO 错误页4: 4
2018-05-03 16:43:36.358 DEBUG 配置账号信息: appid:wx41bd9e5d7867ad93
2018-05-03 16:43:36.359 DEBUG 配置账号信息: appid:wx41bd9e5d7867ad93
2018-05-03 16:43:36.360 DEBUG 配置账号信息: APPSECRET:ee8dfe055e22953e0f07adda79167fb5
2018-05-03 16:43:46.857 DEBUG 配置账号信息: appid:wx41bd9e5d7867ad93
2018-05-03 16:43:46.858 DEBUG 配置账号信息: appid:wx41bd9e5d7867ad93
2018-05-03 16:43:46.861 DEBUG 配置账号信息: APPSECRET:ee8dfe055e22953e0f07adda79167fb5
2018-05-03 16:45:13.029 INFO 在线支付1: 1
2018-05-03 16:45:15.589 INFO 在线支付2: WX201805031644302552
2018-05-03 16:48:57.667 DEBUG 配置账号信息: appid:wx41bd9e5d7867ad93
2018-05-03 16:48:57.667 DEBUG 配置账号信息: appid:wx41bd9e5d7867ad93
2018-05-03 16:48:57.668 DEBUG 配置账号信息: APPSECRET:ee8dfe055e22953e0f07adda79167fb5
2018-05-03 16:49:03.759 INFO 在线支付1: 1
2018-05-03 16:49:03.760 INFO 在线支付2: WX201805031649033706
