2018-04-16 16:51:51.403 INFO 错误页3: 3
2018-04-16 16:51:51.405 INFO newhead报错信息：: 文件“E:\刘航\酒店模板\c程序文件\RM.Web\logs\2018-04-16.log”正由另一进程使用，因此该进程无法访问此文件。
2018-04-16 16:51:51.406 INFO 错误页4: 4
2018-04-16 16:51:51.408 INFO 错误页4: 4
2018-04-16 16:51:58.136 DEBUG dataValdataValdataValdataValdataVal: wx83049076948a37a7
2018-04-16 16:51:58.161 DEBUG dataValdataValdataValdataValdataVal: wx83049076948a37a7
2018-04-16 16:51:58.162 DEBUG dataValdataValdataValdataValdataVal: b111ca92895ed62bf94289c801894720
2018-04-16 16:52:29.223 DEBUG dataValdataValdataValdataValdataVal: wx83049076948a37a7
2018-04-16 16:52:29.225 DEBUG dataValdataValdataValdataValdataVal: wx83049076948a37a7
2018-04-16 16:52:29.227 DEBUG dataValdataValdataValdataValdataVal: b111ca92895ed62bf94289c801894720
2018-04-16 16:55:24.981 DEBUG dataValdataValdataValdataValdataVal: wx83049076948a37a7
2018-04-16 16:55:24.982 DEBUG dataValdataValdataValdataValdataVal: wx83049076948a37a7
2018-04-16 16:55:24.982 DEBUG dataValdataValdataValdataValdataVal: b111ca92895ed62bf94289c801894720
2018-04-16 16:55:36.427 DEBUG dataValdataValdataValdataValdataVal: wx83049076948a37a7
2018-04-16 16:55:36.427 DEBUG dataValdataValdataValdataValdataVal: wx83049076948a37a7
2018-04-16 16:55:36.428 DEBUG dataValdataValdataValdataValdataVal: b111ca92895ed62bf94289c801894720
2018-04-16 17:01:18.812 DEBUG dataValdataValdataValdataValdataVal: wx83049076948a37a7
2018-04-16 17:01:18.813 DEBUG dataValdataValdataValdataValdataVal: wx83049076948a37a7
2018-04-16 17:01:18.813 DEBUG dataValdataValdataValdataValdataVal: b111ca92895ed62bf94289c801894720
2018-04-16 17:01:47.564 INFO 错误页3: 3
2018-04-16 17:03:26.987 DEBUG dataValdataValdataValdataValdataVal: wx83049076948a37a7
2018-04-16 17:03:26.994 DEBUG dataValdataValdataValdataValdataVal: wx83049076948a37a7
2018-04-16 17:03:26.997 DEBUG dataValdataValdataValdataValdataVal: b111ca92895ed62bf94289c801894720
2018-04-16 17:04:08.569 DEBUG dataValdataValdataValdataValdataVal: wx83049076948a37a7
2018-04-16 17:04:08.569 DEBUG dataValdataValdataValdataValdataVal: wx83049076948a37a7
2018-04-16 17:04:08.569 DEBUG dataValdataValdataValdataValdataVal: b111ca92895ed62bf94289c801894720
2018-04-16 17:05:53.486 DEBUG dataValdataValdataValdataValdataVal: wx83049076948a37a7
2018-04-16 17:05:53.486 DEBUG dataValdataValdataValdataValdataVal: wx83049076948a37a7
2018-04-16 17:05:53.487 DEBUG dataValdataValdataValdataValdataVal: b111ca92895ed62bf94289c801894720
2018-04-16 17:06:46.688 DEBUG dataValdataValdataValdataValdataVal: wx83049076948a37a7
2018-04-16 17:06:46.689 DEBUG dataValdataValdataValdataValdataVal: wx83049076948a37a7
2018-04-16 17:06:46.689 DEBUG dataValdataValdataValdataValdataVal: b111ca92895ed62bf94289c801894720
2018-04-16 18:04:23.908 DEBUG dataValdataValdataValdataValdataVal: wx83049076948a37a7
2018-04-16 18:04:23.909 DEBUG dataValdataValdataValdataValdataVal: wx83049076948a37a7
2018-04-16 18:04:23.910 DEBUG dataValdataValdataValdataValdataVal: b111ca92895ed62bf94289c801894720
2018-04-16 18:04:47.783 DEBUG dataValdataValdataValdataValdataVal: wx83049076948a37a7
2018-04-16 18:04:47.784 DEBUG dataValdataValdataValdataValdataVal: wx83049076948a37a7
2018-04-16 18:04:47.784 DEBUG dataValdataValdataValdataValdataVal: b111ca92895ed62bf94289c801894720
2018-04-16 18:04:53.861 DEBUG dataValdataValdataValdataValdataVal: wx83049076948a37a7
2018-04-16 18:04:53.862 DEBUG dataValdataValdataValdataValdataVal: wx83049076948a37a7
2018-04-16 18:04:53.862 DEBUG dataValdataValdataValdataValdataVal: b111ca92895ed62bf94289c801894720
2018-04-16 18:05:50.008 INFO 错误页3: 3
2018-04-16 18:07:24.030 DEBUG dataValdataValdataValdataValdataVal: wx83049076948a37a7
2018-04-16 18:07:24.035 DEBUG dataValdataValdataValdataValdataVal: wx83049076948a37a7
2018-04-16 18:07:24.036 DEBUG dataValdataValdataValdataValdataVal: b111ca92895ed62bf94289c801894720
2018-04-16 18:08:22.046 DEBUG dataValdataValdataValdataValdataVal: wx83049076948a37a7
2018-04-16 18:08:22.047 DEBUG dataValdataValdataValdataValdataVal: wx83049076948a37a7
2018-04-16 18:08:22.048 DEBUG dataValdataValdataValdataValdataVal: b111ca92895ed62bf94289c801894720
2018-04-16 18:08:26.372 DEBUG dataValdataValdataValdataValdataVal: wx83049076948a37a7
2018-04-16 18:08:26.374 DEBUG dataValdataValdataValdataValdataVal: wx83049076948a37a7
2018-04-16 18:08:26.375 DEBUG dataValdataValdataValdataValdataVal: b111ca92895ed62bf94289c801894720
2018-04-16 18:08:35.720 DEBUG dataValdataValdataValdataValdataVal: wx83049076948a37a7
2018-04-16 18:08:35.721 DEBUG dataValdataValdataValdataValdataVal: wx83049076948a37a7
2018-04-16 18:08:35.722 DEBUG dataValdataValdataValdataValdataVal: b111ca92895ed62bf94289c801894720
2018-04-16 18:08:58.497 DEBUG dataValdataValdataValdataValdataVal: wx83049076948a37a7
2018-04-16 18:08:58.498 DEBUG dataValdataValdataValdataValdataVal: wx83049076948a37a7
2018-04-16 18:08:58.499 DEBUG dataValdataValdataValdataValdataVal: b111ca92895ed62bf94289c801894720
2018-04-16 18:09:26.557 DEBUG dataValdataValdataValdataValdataVal: wx83049076948a37a7
2018-04-16 18:09:26.557 DEBUG dataValdataValdataValdataValdataVal: wx83049076948a37a7
2018-04-16 18:09:26.558 DEBUG dataValdataValdataValdataValdataVal: b111ca92895ed62bf94289c801894720
2018-04-16 18:09:33.934 DEBUG dataValdataValdataValdataValdataVal: wx83049076948a37a7
2018-04-16 18:09:33.935 DEBUG dataValdataValdataValdataValdataVal: wx83049076948a37a7
2018-04-16 18:09:33.935 DEBUG dataValdataValdataValdataValdataVal: b111ca92895ed62bf94289c801894720
2018-04-16 18:09:36.693 DEBUG dataValdataValdataValdataValdataVal: wx83049076948a37a7
2018-04-16 18:09:36.694 DEBUG dataValdataValdataValdataValdataVal: wx83049076948a37a7
2018-04-16 18:09:36.694 DEBUG dataValdataValdataValdataValdataVal: b111ca92895ed62bf94289c801894720
2018-04-16 18:09:42.020 DEBUG dataValdataValdataValdataValdataVal: wx83049076948a37a7
2018-04-16 18:09:42.020 DEBUG dataValdataValdataValdataValdataVal: wx83049076948a37a7
2018-04-16 18:09:42.021 DEBUG dataValdataValdataValdataValdataVal: b111ca92895ed62bf94289c801894720
2018-04-16 18:09:45.853 DEBUG dataValdataValdataValdataValdataVal: wx83049076948a37a7
2018-04-16 18:09:45.854 DEBUG dataValdataValdataValdataValdataVal: wx83049076948a37a7
2018-04-16 18:09:45.854 DEBUG dataValdataValdataValdataValdataVal: b111ca92895ed62bf94289c801894720
2018-04-16 18:09:47.985 DEBUG dataValdataValdataValdataValdataVal: wx83049076948a37a7
2018-04-16 18:09:47.985 DEBUG dataValdataValdataValdataValdataVal: wx83049076948a37a7
2018-04-16 18:09:47.986 DEBUG dataValdataValdataValdataValdataVal: b111ca92895ed62bf94289c801894720
2018-04-16 18:10:13.987 DEBUG dataValdataValdataValdataValdataVal: wx83049076948a37a7
2018-04-16 18:10:13.989 DEBUG dataValdataValdataValdataValdataVal: wx83049076948a37a7
2018-04-16 18:10:13.990 DEBUG dataValdataValdataValdataValdataVal: b111ca92895ed62bf94289c801894720
2018-04-16 18:10:20.378 DEBUG dataValdataValdataValdataValdataVal: wx83049076948a37a7
2018-04-16 18:10:20.415 DEBUG dataValdataValdataValdataValdataVal: wx83049076948a37a7
2018-04-16 18:10:20.416 DEBUG dataValdataValdataValdataValdataVal: b111ca92895ed62bf94289c801894720
2018-04-16 18:10:23.609 DEBUG dataValdataValdataValdataValdataVal: wx83049076948a37a7
2018-04-16 18:10:23.609 DEBUG dataValdataValdataValdataValdataVal: wx83049076948a37a7
2018-04-16 18:10:23.610 DEBUG dataValdataValdataValdataValdataVal: b111ca92895ed62bf94289c801894720
2018-04-16 18:10:26.561 DEBUG dataValdataValdataValdataValdataVal: wx83049076948a37a7
2018-04-16 18:10:26.561 DEBUG dataValdataValdataValdataValdataVal: wx83049076948a37a7
2018-04-16 18:10:26.562 DEBUG dataValdataValdataValdataValdataVal: b111ca92895ed62bf94289c801894720
2018-04-16 18:15:08.852 DEBUG dataValdataValdataValdataValdataVal: wx83049076948a37a7
2018-04-16 18:15:08.853 DEBUG dataValdataValdataValdataValdataVal: wx83049076948a37a7
2018-04-16 18:15:08.854 DEBUG dataValdataValdataValdataValdataVal: b111ca92895ed62bf94289c801894720
2018-04-16 18:15:12.879 DEBUG dataValdataValdataValdataValdataVal: wx83049076948a37a7
2018-04-16 18:15:12.880 DEBUG dataValdataValdataValdataValdataVal: wx83049076948a37a7
2018-04-16 18:15:12.880 DEBUG dataValdataValdataValdataValdataVal: b111ca92895ed62bf94289c801894720
2018-04-16 18:15:16.024 DEBUG dataValdataValdataValdataValdataVal: wx83049076948a37a7
2018-04-16 18:15:16.025 DEBUG dataValdataValdataValdataValdataVal: wx83049076948a37a7
2018-04-16 18:15:16.025 DEBUG dataValdataValdataValdataValdataVal: b111ca92895ed62bf94289c801894720
2018-04-16 18:15:20.062 DEBUG dataValdataValdataValdataValdataVal: wx83049076948a37a7
2018-04-16 18:15:20.063 DEBUG dataValdataValdataValdataValdataVal: www.zidinn.com
2018-04-16 18:15:24.607 DEBUG dataValdataValdataValdataValdataVal: wx83049076948a37a7
2018-04-16 18:15:24.608 DEBUG dataValdataValdataValdataValdataVal: www.zidinn.com
2018-04-16 18:15:28.147 DEBUG dataValdataValdataValdataValdataVal: wx83049076948a37a7
2018-04-16 18:15:28.147 DEBUG dataValdataValdataValdataValdataVal: wx83049076948a37a7
2018-04-16 18:15:28.148 DEBUG dataValdataValdataValdataValdataVal: b111ca92895ed62bf94289c801894720
2018-04-16 18:15:34.806 DEBUG dataValdataValdataValdataValdataVal: wx83049076948a37a7
2018-04-16 18:15:34.807 DEBUG dataValdataValdataValdataValdataVal: wx83049076948a37a7
2018-04-16 18:15:34.807 DEBUG dataValdataValdataValdataValdataVal: b111ca92895ed62bf94289c801894720
