2018-09-18 16:12:29.905 INFO //获取返回信息11----------)：: https://api.weixin.qq.com/datacube/getusercumulate?access_token=
2018-09-18 16:12:30.388 INFO //获取返回信息22----------)：: {"errcode":41001,"errmsg":"access_token missing hint: [WEbhPa03551487]"}
2018-09-18 16:13:24.578 INFO //获取返回信息11----------)：: https://api.weixin.qq.com/datacube/getusercumulate?access_token=
2018-09-18 16:13:24.698 INFO //获取返回信息22----------)：: {"errcode":41001,"errmsg":"access_token missing hint: [0r.NNa04101504]"}
2018-09-18 16:16:02.604 INFO //获取返回信息11----------)：: https://api.weixin.qq.com/datacube/getusercumulate?access_token=
2018-09-18 16:16:03.039 INFO //获取返回信息22----------)：: {"errcode":41001,"errmsg":"access_token missing hint: [x_QbwA05681487]"}
2018-09-18 16:16:30.728 INFO //获取返回信息11----------)：: https://api.weixin.qq.com/datacube/getusercumulate?access_token=
2018-09-18 16:16:30.840 INFO //获取返回信息22----------)：: {"errcode":41001,"errmsg":"access_token missing hint: [DakZ6a05961487]"}
2018-09-18 16:17:38.213 INFO //获取返回信息11----------)：: https://api.weixin.qq.com/datacube/getusercumulate?access_token=
2018-09-18 16:17:38.641 INFO //获取返回信息22----------)：: {"errcode":41001,"errmsg":"access_token missing hint: [6Ag5da06641487]"}
2018-09-18 16:19:57.610 INFO //获取返回信息11----------)：: https://api.weixin.qq.com/datacube/getusercumulate?access_token=
2018-09-18 16:19:58.046 INFO //获取返回信息22----------)：: {"errcode":41001,"errmsg":"access_token missing hint: [aCceTa08031487]"}
2018-09-18 16:21:28.478 INFO //获取返回信息11----------)：: https://api.weixin.qq.com/datacube/getusercumulate?access_token=
2018-09-18 16:21:28.920 INFO //获取返回信息22----------)：: {"errcode":41001,"errmsg":"access_token missing hint: [Du8CjA08941504]"}
2018-09-18 16:22:50.008 INFO //获取返回信息11----------)：: https://api.weixin.qq.com/datacube/getusercumulate?access_token=
2018-09-18 16:22:50.106 INFO //获取返回信息22----------)：: {"errcode":41001,"errmsg":"access_token missing hint: [X2q09751504]"}
2018-09-18 16:26:01.927 INFO //获取返回信息11----------)：: https://api.weixin.qq.com/datacube/getusercumulate?access_token=
2018-09-18 16:26:02.358 INFO //获取返回信息22----------)：: {"errcode":41001,"errmsg":"access_token missing hint: [qttOka01671504]"}
2018-09-18 16:30:13.686 INFO //获取返回信息11----------)：: https://api.weixin.qq.com/datacube/getusercumulate?access_token=
2018-09-18 16:30:14.119 INFO //获取返回信息22----------)：: {"errcode":41001,"errmsg":"access_token missing hint: [Wv.iPA04191504]"}
2018-09-18 16:34:38.505 INFO //获取返回信息11----------)：: https://api.weixin.qq.com/datacube/getusercumulate?access_token=
2018-09-18 16:34:39.614 INFO //获取返回信息22----------)：: {"errcode":41001,"errmsg":"access_token missing hint: [w67_7a06851556]"}
2018-09-18 16:34:49.918 INFO //获取返回信息11----------)：: https://api.weixin.qq.com/datacube/getusercumulate?access_token=
2018-09-18 16:34:50.061 INFO //获取返回信息22----------)：: {"errcode":41001,"errmsg":"access_token missing hint: [49dHGA06951487]"}
2018-09-18 16:35:06.548 INFO //获取返回信息11----------)：: https://api.weixin.qq.com/datacube/getusercumulate?access_token=
2018-09-18 16:35:06.666 INFO //获取返回信息22----------)：: {"errcode":41001,"errmsg":"access_token missing hint: [N4GKoA07121487]"}
2018-09-18 16:35:31.331 INFO //获取返回信息11----------)：: https://api.weixin.qq.com/datacube/getusercumulate?access_token=
2018-09-18 16:35:31.454 INFO //获取返回信息22----------)：: {"errcode":41001,"errmsg":"access_token missing hint: [fj.NoA07361504]"}
2018-09-18 16:36:36.047 INFO //获取返回信息11----------)：: https://api.weixin.qq.com/datacube/getusercumulate?access_token=
2018-09-18 16:36:36.133 INFO //获取返回信息22----------)：: {"errcode":41001,"errmsg":"access_token missing hint: [hXO4DA08011487]"}
2018-09-18 16:39:03.548 INFO //获取返回信息11----------)：: https://api.weixin.qq.com/datacube/getusercumulate?access_token=
2018-09-18 16:39:03.992 INFO //获取返回信息22----------)：: {"errcode":41001,"errmsg":"access_token missing hint: [UGLEsA09491504]"}
