2018-05-09 14:35:25.080 INFO 错误页3: 3
2018-05-09 14:35:25.085 INFO 错误页4: 4
2018-05-09 14:35:25.701 DEBUG 配置账号信息: appid:wxa3ddbb606957c79c
2018-05-09 14:35:25.813 DEBUG 配置账号信息: appid:wxa3ddbb606957c79c
2018-05-09 14:35:25.864 DEBUG 配置账号信息: APPSECRET:196309d64d36715afa71548e6f06e97e
2018-05-09 14:35:33.547 DEBUG 配置账号信息: appid:wxa3ddbb606957c79c
2018-05-09 14:35:33.548 DEBUG 配置账号信息: appid:wxa3ddbb606957c79c
2018-05-09 14:35:33.549 DEBUG 配置账号信息: APPSECRET:196309d64d36715afa71548e6f06e97e
2018-05-09 15:08:42.504 DEBUG 配置账号信息: appid:wxa3ddbb606957c79c
2018-05-09 15:08:42.505 DEBUG 配置账号信息: appid:wxa3ddbb606957c79c
2018-05-09 15:08:42.506 DEBUG 配置账号信息: APPSECRET:196309d64d36715afa71548e6f06e97e
2018-05-09 15:08:58.177 INFO 错误页3: 3
2018-05-09 15:08:58.179 INFO 错误页4: 4
2018-05-09 15:09:13.628 DEBUG 配置账号信息: appid:wxa3ddbb606957c79c
2018-05-09 15:09:13.629 DEBUG 配置账号信息: appid:wxa3ddbb606957c79c
2018-05-09 15:09:13.629 DEBUG 配置账号信息: APPSECRET:196309d64d36715afa71548e6f06e97e
2018-05-09 15:17:12.235 DEBUG 配置账号信息: appid:wxa3ddbb606957c79c
2018-05-09 15:17:12.236 DEBUG 配置账号信息: appid:wxa3ddbb606957c79c
2018-05-09 15:17:12.237 DEBUG 配置账号信息: APPSECRET:196309d64d36715afa71548e6f06e97e
2018-05-09 17:35:39.096 DEBUG 配置账号信息: appid:
2018-05-09 17:35:39.122 DEBUG 配置账号信息: APPSECRET:
2018-05-09 17:35:39.340 INFO //获取返回信息11-----menuInfo: 
2018-05-09 17:35:41.581 DEBUG 配置账号信息: appid:wx788ff17647fe661a
2018-05-09 17:35:41.583 DEBUG 配置账号信息: appid:wx788ff17647fe661a
2018-05-09 17:35:41.583 DEBUG 配置账号信息: APPSECRET:9b51de1e274687913c44f3957ddaeda4
2018-05-09 17:36:13.576 DEBUG 配置账号信息: appid:
2018-05-09 17:36:13.600 DEBUG 配置账号信息: APPSECRET:
2018-05-09 17:36:13.813 INFO //获取返回信息11-----menuInfo: 
2018-05-09 17:36:14.049 DEBUG 配置账号信息: appid:wx788ff17647fe661a
2018-05-09 17:36:14.050 DEBUG 配置账号信息: appid:wx788ff17647fe661a
2018-05-09 17:36:14.051 DEBUG 配置账号信息: APPSECRET:9b51de1e274687913c44f3957ddaeda4
2018-05-09 17:36:14.334 DEBUG 配置账号信息: appid:wx788ff17647fe661a
2018-05-09 17:36:14.335 DEBUG 配置账号信息: appid:wx788ff17647fe661a
2018-05-09 17:36:14.336 DEBUG 配置账号信息: APPSECRET:9b51de1e274687913c44f3957ddaeda4
2018-05-09 17:36:26.139 DEBUG 配置账号信息: appid:wx788ff17647fe661a
2018-05-09 17:36:26.140 DEBUG 配置账号信息: appid:wx788ff17647fe661a
2018-05-09 17:36:26.145 DEBUG 配置账号信息: APPSECRET:9b51de1e274687913c44f3957ddaeda4
2018-05-09 17:36:30.039 DEBUG 配置账号信息: appid:wx788ff17647fe661a
2018-05-09 17:36:30.039 DEBUG 配置账号信息: appid:wx788ff17647fe661a
2018-05-09 17:36:30.040 DEBUG 配置账号信息: APPSECRET:9b51de1e274687913c44f3957ddaeda4
