2018-04-27 17:24:00.873 DEBUG 配置账号信息: appid:wx756f617540199773
2018-04-27 17:24:00.884 DEBUG 配置账号信息: NOTIFY_URL:www.zidinn.com
2018-04-27 17:25:36.285 DEBUG 配置账号信息: appid:
2018-04-27 17:25:36.286 DEBUG 配置账号信息: APPSECRET:
2018-04-27 17:25:37.092 INFO //获取返回信息11-----menuInfo: 
2018-04-27 17:25:39.056 DEBUG 配置账号信息: appid:wx788ff17647fe661a
2018-04-27 17:25:39.057 DEBUG 配置账号信息: appid:wx788ff17647fe661a
2018-04-27 17:25:39.058 DEBUG 配置账号信息: APPSECRET:9b51de1e274687913c44f3957ddaeda4
2018-04-27 17:26:20.837 DEBUG 配置账号信息: appid:wx788ff17647fe661a
2018-04-27 17:26:20.839 DEBUG 配置账号信息: appid:wx788ff17647fe661a
2018-04-27 17:26:20.841 DEBUG 配置账号信息: APPSECRET:9b51de1e274687913c44f3957ddaeda4
2018-04-27 17:27:35.814 DEBUG 配置账号信息: appid:wx756f617540199773
2018-04-27 17:27:35.814 DEBUG 配置账号信息: NOTIFY_URL:www.zidinn.com
2018-04-27 17:27:42.011 DEBUG 配置账号信息: appid:wx788ff17647fe661a
2018-04-27 17:27:42.011 DEBUG 配置账号信息: appid:wx788ff17647fe661a
2018-04-27 17:27:42.012 DEBUG 配置账号信息: APPSECRET:9b51de1e274687913c44f3957ddaeda4
2018-04-27 17:28:39.151 DEBUG 配置账号信息: appid:wx756f617540199773
2018-04-27 17:28:39.153 DEBUG 配置账号信息: NOTIFY_URL:www.zidinn.com
2018-04-27 17:29:59.537 DEBUG 配置账号信息: appid:wx788ff17647fe661a
2018-04-27 17:29:59.538 DEBUG 配置账号信息: NOTIFY_URL:www.zidinn.com
2018-04-27 17:29:59.954 DEBUG 配置账号信息: appid:wx756f617540199773
2018-04-27 17:29:59.956 DEBUG 配置账号信息: appid:wx756f617540199773
2018-04-27 17:29:59.958 DEBUG 配置账号信息: APPSECRET:a463541526f89fc572506376ca3dac18
2018-04-27 17:30:10.326 DEBUG 配置账号信息: appid:wx756f617540199773
2018-04-27 17:30:10.326 DEBUG 配置账号信息: appid:wx756f617540199773
2018-04-27 17:30:10.327 DEBUG 配置账号信息: APPSECRET:a463541526f89fc572506376ca3dac18
2018-04-27 17:30:42.341 DEBUG 配置账号信息: appid:wx756f617540199773
2018-04-27 17:30:42.341 DEBUG 配置账号信息: appid:wx756f617540199773
2018-04-27 17:30:42.342 DEBUG 配置账号信息: APPSECRET:a463541526f89fc572506376ca3dac18
2018-04-27 17:31:09.727 INFO 错误页3: 3
2018-04-27 17:31:16.771 DEBUG 配置账号信息: appid:wx756f617540199773
2018-04-27 17:31:16.772 DEBUG 配置账号信息: appid:wx756f617540199773
2018-04-27 17:31:16.772 DEBUG 配置账号信息: APPSECRET:a463541526f89fc572506376ca3dac18
2018-04-27 17:37:49.936 DEBUG 配置账号信息: appid:wx756f617540199773
2018-04-27 17:37:49.936 DEBUG 配置账号信息: appid:wx756f617540199773
2018-04-27 17:37:49.937 DEBUG 配置账号信息: APPSECRET:a463541526f89fc572506376ca3dac18
2018-04-27 17:38:17.518 DEBUG 配置账号信息: appid:wx756f617540199773
2018-04-27 17:38:17.521 DEBUG 配置账号信息: appid:wx756f617540199773
2018-04-27 17:38:17.522 DEBUG 配置账号信息: APPSECRET:a463541526f89fc572506376ca3dac18
2018-04-27 17:38:26.140 INFO 错误页3: 3
2018-04-27 17:38:48.026 DEBUG 配置账号信息: appid:wx756f617540199773
2018-04-27 17:38:48.037 DEBUG 配置账号信息: appid:wx756f617540199773
2018-04-27 17:38:48.038 DEBUG 配置账号信息: APPSECRET:a463541526f89fc572506376ca3dac18
2018-04-27 17:54:11.048 DEBUG 配置账号信息: appid:wx756f617540199773
2018-04-27 17:54:11.050 DEBUG 配置账号信息: appid:wx756f617540199773
2018-04-27 17:54:11.051 DEBUG 配置账号信息: APPSECRET:a463541526f89fc572506376ca3dac18
