2018-08-07 10:10:28.406 INFO //获取返回信息11----------)：: https://api.weixin.qq.com/datacube/getusercumulate?access_token=
2018-08-07 10:10:28.852 INFO //获取返回信息22----------)：: {"errcode":41001,"errmsg":"access_token missing hint: [YR08321487]"}
2018-08-07 10:10:57.199 INFO //获取返回信息11----------)：: https://api.weixin.qq.com/datacube/getusercumulate?access_token=
2018-08-07 10:10:57.294 INFO //获取返回信息22----------)：: {"errcode":41001,"errmsg":"access_token missing hint: [NYiBlA08601487]"}
2018-08-07 10:12:33.909 INFO //获取返回信息11----------)：: https://api.weixin.qq.com/datacube/getusercumulate?access_token=
2018-08-07 10:12:34.005 INFO //获取返回信息22----------)：: {"errcode":41001,"errmsg":"access_token missing hint: [NemV9a09571556]"}
2018-08-07 10:12:51.611 INFO //获取返回信息11----------)：: https://api.weixin.qq.com/datacube/getusercumulate?access_token=
2018-08-07 10:12:51.705 INFO //获取返回信息22----------)：: {"errcode":41001,"errmsg":"access_token missing hint: [iAVsla09751556]"}
2018-08-07 10:13:13.711 INFO //获取返回信息11----------)：: https://api.weixin.qq.com/datacube/getusercumulate?access_token=
2018-08-07 10:13:13.809 INFO //获取返回信息22----------)：: {"errcode":41001,"errmsg":"access_token missing hint: [BxKW8a09971487]"}
2018-08-07 10:13:20.983 INFO //获取返回信息11----------)：: https://api.weixin.qq.com/datacube/getusercumulate?access_token=
2018-08-07 10:13:21.097 INFO //获取返回信息22----------)：: {"errcode":41001,"errmsg":"access_token missing hint: [ETSvNA00041556]"}
2018-08-07 10:13:31.211 INFO //获取返回信息11----------)：: https://api.weixin.qq.com/datacube/getusercumulate?access_token=
2018-08-07 10:13:31.306 INFO //获取返回信息22----------)：: {"errcode":41001,"errmsg":"access_token missing hint: [QwW6ba00141487]"}
2018-08-07 10:13:35.293 INFO //获取返回信息11----------)：: https://api.weixin.qq.com/datacube/getusercumulate?access_token=
2018-08-07 10:13:35.390 INFO //获取返回信息22----------)：: {"errcode":41001,"errmsg":"access_token missing hint: [buhBIA00181487]"}
2018-08-07 10:13:43.518 INFO //获取返回信息11----------)：: https://api.weixin.qq.com/datacube/getusercumulate?access_token=
2018-08-07 10:13:43.615 INFO //获取返回信息22----------)：: {"errcode":41001,"errmsg":"access_token missing hint: [zQNKja00271556]"}
2018-08-07 10:13:45.936 INFO //获取返回信息11----------)：: https://api.weixin.qq.com/datacube/getusercumulate?access_token=
2018-08-07 10:13:46.040 INFO //获取返回信息22----------)：: {"errcode":41001,"errmsg":"access_token missing hint: [GKD9kA00291487]"}
2018-08-07 10:13:48.631 INFO //获取返回信息11----------)：: https://api.weixin.qq.com/datacube/getusercumulate?access_token=
2018-08-07 10:13:48.717 INFO //获取返回信息22----------)：: {"errcode":41001,"errmsg":"access_token missing hint: [vX.Eta00321487]"}
2018-08-07 10:13:57.543 INFO //获取返回信息11----------)：: https://api.weixin.qq.com/datacube/getusercumulate?access_token=
2018-08-07 10:13:57.641 INFO //获取返回信息22----------)：: {"errcode":41001,"errmsg":"access_token missing hint: [QzRU8a00411556]"}
2018-08-07 10:14:00.227 INFO //获取返回信息11----------)：: https://api.weixin.qq.com/datacube/getusercumulate?access_token=
2018-08-07 10:14:00.326 INFO //获取返回信息22----------)：: {"errcode":41001,"errmsg":"access_token missing hint: [HxexGA00431487]"}
2018-08-07 10:14:02.256 INFO //获取返回信息11----------)：: https://api.weixin.qq.com/datacube/getusercumulate?access_token=
2018-08-07 10:14:02.353 INFO //获取返回信息22----------)：: {"errcode":41001,"errmsg":"access_token missing hint: [Y5h8OA00451556]"}
2018-08-07 10:14:04.670 INFO //获取返回信息11----------)：: https://api.weixin.qq.com/datacube/getusercumulate?access_token=
2018-08-07 10:14:04.764 INFO //获取返回信息22----------)：: {"errcode":41001,"errmsg":"access_token missing hint: [V3qfVa00481556]"}
2018-08-07 10:14:08.324 INFO //获取返回信息11----------)：: https://api.weixin.qq.com/datacube/getusercumulate?access_token=
2018-08-07 10:14:08.426 INFO //获取返回信息22----------)：: {"errcode":41001,"errmsg":"access_token missing hint: [zGvAKA00511504]"}
2018-08-07 10:14:11.564 INFO //获取返回信息11----------)：: https://api.weixin.qq.com/datacube/getusercumulate?access_token=
2018-08-07 10:14:11.665 INFO //获取返回信息22----------)：: {"errcode":41001,"errmsg":"access_token missing hint: [00551487]"}
2018-08-07 10:14:14.158 INFO //获取返回信息11----------)：: https://api.weixin.qq.com/datacube/getusercumulate?access_token=
2018-08-07 10:14:14.261 INFO //获取返回信息22----------)：: {"errcode":41001,"errmsg":"access_token missing hint: [n0pb00571504]"}
2018-08-07 10:14:15.464 INFO //获取返回信息11----------)：: https://api.weixin.qq.com/datacube/getusercumulate?access_token=
2018-08-07 10:14:15.567 INFO //获取返回信息22----------)：: {"errcode":41001,"errmsg":"access_token missing hint: [zvO_KA00591556]"}
2018-08-07 10:15:15.317 INFO //获取返回信息11----------)：: https://api.weixin.qq.com/datacube/getusercumulate?access_token=
2018-08-07 10:15:15.413 INFO //获取返回信息22----------)：: {"errcode":41001,"errmsg":"access_token missing hint: [CkFOkA01181504]"}
2018-08-07 10:19:00.977 INFO //获取返回信息11----------)：: https://api.weixin.qq.com/datacube/getusercumulate?access_token=
2018-08-07 10:19:01.399 INFO //获取返回信息22----------)：: {"errcode":41001,"errmsg":"access_token missing hint: [3KWo.a03441504]"}
2018-08-07 10:19:04.095 INFO //获取返回信息11----------)：: https://api.weixin.qq.com/datacube/getusercumulate?access_token=
2018-08-07 10:19:04.189 INFO //获取返回信息22----------)：: {"errcode":41001,"errmsg":"access_token missing hint: [9BxWvA03471504]"}
2018-08-07 10:19:07.305 INFO //获取返回信息11----------)：: https://api.weixin.qq.com/datacube/getusercumulate?access_token=
2018-08-07 10:19:07.404 INFO //获取返回信息22----------)：: {"errcode":41001,"errmsg":"access_token missing hint: [pnL7Oa03501556]"}
2018-08-07 10:19:08.734 INFO //获取返回信息11----------)：: https://api.weixin.qq.com/datacube/getusercumulate?access_token=
2018-08-07 10:19:08.960 INFO //获取返回信息22----------)：: {"errcode":41001,"errmsg":"access_token missing hint: [dogBRA03521487]"}
2018-08-07 10:19:10.548 INFO //获取返回信息11----------)：: https://api.weixin.qq.com/datacube/getusercumulate?access_token=
2018-08-07 10:19:10.656 INFO //获取返回信息22----------)：: {"errcode":41001,"errmsg":"access_token missing hint: [PBQgpA03541556]"}
2018-08-07 10:20:30.605 INFO //获取返回信息11----------)：: https://api.weixin.qq.com/datacube/getusercumulate?access_token=
2018-08-07 10:20:30.712 INFO //获取返回信息22----------)：: {"errcode":41001,"errmsg":"access_token missing hint: [TSX7vA04341504]"}
2018-08-07 10:21:04.995 INFO //获取返回信息11----------)：: https://api.weixin.qq.com/datacube/getusercumulate?access_token=
2018-08-07 10:21:05.095 INFO //获取返回信息22----------)：: {"errcode":41001,"errmsg":"access_token missing hint: [ApCOOa04681556]"}
2018-08-07 10:21:33.665 INFO //获取返回信息11----------)：: https://api.weixin.qq.com/datacube/getusercumulate?access_token=
2018-08-07 10:21:33.761 INFO //获取返回信息22----------)：: {"errcode":41001,"errmsg":"access_token missing hint: [o_4a04971556]"}
2018-08-07 10:32:00.129 INFO //获取返回信息11----------)：: https://api.weixin.qq.com/datacube/getusercumulate?access_token=
2018-08-07 10:32:00.560 INFO //获取返回信息22----------)：: {"errcode":41001,"errmsg":"access_token missing hint: [D01241556]"}
2018-08-07 10:32:10.801 INFO //获取返回信息11----------)：: https://api.weixin.qq.com/datacube/getusercumulate?access_token=
2018-08-07 10:32:10.889 INFO //获取返回信息22----------)：: {"errcode":41001,"errmsg":"access_token missing hint: [fGw8wA01341487]"}
2018-08-07 10:33:56.113 INFO //获取返回信息11----------)：: https://api.weixin.qq.com/datacube/getusercumulate?access_token=
2018-08-07 10:33:56.602 INFO //获取返回信息22----------)：: {"errcode":41001,"errmsg":"access_token missing hint: [lZ0NbA02401487]"}
2018-08-07 14:24:05.458 INFO //获取返回信息11----------)：: https://api.weixin.qq.com/datacube/getusercumulate?access_token=
2018-08-07 14:24:05.910 INFO //获取返回信息22----------)：: {"errcode":41001,"errmsg":"access_token missing hint: [4g4bEA00491556]"}
2018-08-07 14:24:13.915 INFO //获取返回信息11----------)：: https://api.weixin.qq.com/datacube/getusercumulate?access_token=
2018-08-07 14:24:14.012 INFO //获取返回信息22----------)：: {"errcode":41001,"errmsg":"access_token missing hint: [N7bJZa00571504]"}
2018-08-07 14:24:16.675 INFO //获取返回信息11----------)：: https://api.weixin.qq.com/datacube/getusercumulate?access_token=
2018-08-07 14:24:16.767 INFO //获取返回信息22----------)：: {"errcode":41001,"errmsg":"access_token missing hint: [KQWv3a00601504]"}
2018-08-07 14:24:19.436 INFO //获取返回信息11----------)：: https://api.weixin.qq.com/datacube/getusercumulate?access_token=
2018-08-07 14:24:19.519 INFO //获取返回信息22----------)：: {"errcode":41001,"errmsg":"access_token missing hint: [ruGAMA00631556]"}
2018-08-07 14:24:21.543 INFO //获取返回信息11----------)：: https://api.weixin.qq.com/datacube/getusercumulate?access_token=
2018-08-07 14:24:21.643 INFO //获取返回信息22----------)：: {"errcode":41001,"errmsg":"access_token missing hint: [ffaR.a00651556]"}
2018-08-07 14:24:22.967 INFO //获取返回信息11----------)：: https://api.weixin.qq.com/datacube/getusercumulate?access_token=
2018-08-07 14:24:23.067 INFO //获取返回信息22----------)：: {"errcode":41001,"errmsg":"access_token missing hint: [o4zl00661487]"}
