2018-09-14 17:58:42.391 INFO //获取返回信息11----------)：: https://api.weixin.qq.com/datacube/getusercumulate?access_token=
2018-09-14 17:58:42.866 INFO //获取返回信息22----------)：: {"errcode":41001,"errmsg":"access_token missing hint: [It1I401271504]"}
2018-09-14 18:00:30.464 INFO //获取返回信息11----------)：: https://api.weixin.qq.com/datacube/getusercumulate?access_token=
2018-09-14 18:00:30.887 INFO //获取返回信息22----------)：: {"errcode":41001,"errmsg":"access_token missing hint: [s3Piga02351487]"}
2018-09-14 18:01:16.135 INFO //获取返回信息11----------)：: https://api.weixin.qq.com/datacube/getusercumulate?access_token=
2018-09-14 18:01:16.565 INFO //获取返回信息22----------)：: {"errcode":41001,"errmsg":"access_token missing hint: [cq_Uqa02801487]"}
2018-09-14 18:04:19.034 INFO //获取返回信息11----------)：: https://api.weixin.qq.com/datacube/getusercumulate?access_token=
2018-09-14 18:04:19.480 INFO //获取返回信息22----------)：: {"errcode":41001,"errmsg":"access_token missing hint: [dZJcQa04631556]"}
2018-09-14 18:04:44.681 INFO //获取返回信息11----------)：: https://api.weixin.qq.com/datacube/getusercumulate?access_token=
2018-09-14 18:04:44.794 INFO //获取返回信息22----------)：: {"errcode":41001,"errmsg":"access_token missing hint: [vzeeAa04891556]"}
2018-09-14 18:17:56.912 INFO //获取返回信息11----------)：: https://api.weixin.qq.com/datacube/getusercumulate?access_token=
2018-09-14 18:17:57.340 INFO //获取返回信息22----------)：: {"errcode":41001,"errmsg":"access_token missing hint: [n76maA02811556]"}
2018-09-14 18:18:20.872 INFO //获取返回信息11----------)：: https://api.weixin.qq.com/datacube/getusercumulate?access_token=
2018-09-14 18:18:21.121 INFO //获取返回信息22----------)：: {"errcode":41001,"errmsg":"access_token missing hint: [N7Mofa03051556]"}
2018-09-14 18:25:13.134 INFO //获取返回信息11----------)：: https://api.weixin.qq.com/datacube/getusercumulate?access_token=
2018-09-14 18:25:13.563 INFO //获取返回信息22----------)：: {"errcode":41001,"errmsg":"access_token missing hint: [G6SPOa07171556]"}
2018-09-14 18:26:06.308 INFO //获取返回信息11----------)：: https://api.weixin.qq.com/datacube/getusercumulate?access_token=
2018-09-14 18:26:06.419 INFO //获取返回信息22----------)：: {"errcode":41001,"errmsg":"access_token missing hint: [RHo9sA07701504]"}
2018-09-14 18:26:59.234 INFO //获取返回信息11----------)：: https://api.weixin.qq.com/datacube/getusercumulate?access_token=
2018-09-14 18:26:59.331 INFO //获取返回信息22----------)：: {"errcode":41001,"errmsg":"access_token missing hint: [S3nnrA08231487]"}
2018-09-14 18:27:54.315 INFO //获取返回信息11----------)：: https://api.weixin.qq.com/datacube/getusercumulate?access_token=
2018-09-14 18:27:54.410 INFO //获取返回信息22----------)：: {"errcode":41001,"errmsg":"access_token missing hint: [yVA8pA08781556]"}
2018-09-14 18:29:57.002 INFO //获取返回信息11----------)：: https://api.weixin.qq.com/datacube/getusercumulate?access_token=
2018-09-14 18:29:57.490 INFO //获取返回信息22----------)：: {"errcode":41001,"errmsg":"access_token missing hint: [jhej.a00011504]"}
2018-09-14 18:51:29.686 INFO //获取返回信息11----------)：: https://api.weixin.qq.com/datacube/getusercumulate?access_token=
2018-09-14 18:51:30.457 INFO //获取返回信息22----------)：: {"errcode":41001,"errmsg":"access_token missing hint: [2ss72a02941556]"}
2018-09-14 18:54:17.437 INFO //获取返回信息11----------)：: https://api.weixin.qq.com/datacube/getusercumulate?access_token=
2018-09-14 18:54:17.908 INFO //获取返回信息22----------)：: {"errcode":41001,"errmsg":"access_token missing hint: [csIZHa04621504]"}
2018-09-14 18:55:40.298 INFO //获取返回信息11----------)：: https://api.weixin.qq.com/datacube/getusercumulate?access_token=
2018-09-14 18:55:40.477 INFO //获取返回信息22----------)：: {"errcode":41001,"errmsg":"access_token missing hint: [GUSP2a05441504]"}
2018-09-14 18:56:30.019 INFO //获取返回信息11----------)：: https://api.weixin.qq.com/datacube/getusercumulate?access_token=
2018-09-14 18:56:30.248 INFO //获取返回信息22----------)：: {"errcode":41001,"errmsg":"access_token missing hint: [FD05941487]"}
2018-09-14 18:56:37.534 INFO //获取返回信息11----------)：: https://api.weixin.qq.com/datacube/getusercumulate?access_token=
2018-09-14 18:56:37.742 INFO //获取返回信息22----------)：: {"errcode":41001,"errmsg":"access_token missing hint: [wB7xSa06011487]"}
2018-09-14 18:57:31.995 INFO //获取返回信息11----------)：: https://api.weixin.qq.com/datacube/getusercumulate?access_token=
2018-09-14 18:57:32.507 INFO //获取返回信息22----------)：: {"errcode":41001,"errmsg":"access_token missing hint: [bPx5TA06561487]"}
