2018-08-10 10:06:49.141 INFO //获取返回信息11----------)：: https://api.weixin.qq.com/datacube/getusercumulate?access_token=
2018-08-10 10:06:49.595 INFO //获取返回信息22----------)：: {"errcode":41001,"errmsg":"access_token missing hint: [J9EnVA08141556]"}
2018-08-10 10:07:12.810 INFO //获取返回信息11----------)：: https://api.weixin.qq.com/datacube/getusercumulate?access_token=
2018-08-10 10:07:12.909 INFO //获取返回信息22----------)：: {"errcode":41001,"errmsg":"access_token missing hint: [WxTXVa08371487]"}
2018-08-10 10:11:17.482 INFO //获取返回信息11----------)：: https://api.weixin.qq.com/datacube/getusercumulate?access_token=
2018-08-10 10:11:17.979 INFO //获取返回信息22----------)：: {"errcode":41001,"errmsg":"access_token missing hint: [fOoCcA00821556]"}
2018-08-10 10:11:26.228 INFO //获取返回信息11----------)：: https://api.weixin.qq.com/datacube/getusercumulate?access_token=
2018-08-10 10:11:26.325 INFO //获取返回信息22----------)：: {"errcode":41001,"errmsg":"access_token missing hint: [CyBI6a00911556]"}
2018-08-10 10:13:21.383 INFO //获取返回信息11----------)：: https://api.weixin.qq.com/datacube/getusercumulate?access_token=
2018-08-10 10:13:21.820 INFO //获取返回信息22----------)：: {"errcode":41001,"errmsg":"access_token missing hint: [wRCCDa02061504]"}
2018-08-10 10:13:29.002 INFO //获取返回信息11----------)：: https://api.weixin.qq.com/datacube/getusercumulate?access_token=
2018-08-10 10:13:29.120 INFO //获取返回信息22----------)：: {"errcode":41001,"errmsg":"access_token missing hint: [LgYy4a02131487]"}
2018-08-10 10:13:32.258 INFO //获取返回信息11----------)：: https://api.weixin.qq.com/datacube/getusercumulate?access_token=
2018-08-10 10:13:32.372 INFO //获取返回信息22----------)：: {"errcode":41001,"errmsg":"access_token missing hint: [rKYRMA02171556]"}
2018-08-10 10:14:45.066 INFO //获取返回信息11----------)：: https://api.weixin.qq.com/datacube/getusercumulate?access_token=
2018-08-10 10:14:45.158 INFO //获取返回信息22----------)：: {"errcode":41001,"errmsg":"access_token missing hint: [Yu7B4a02891556]"}
2018-08-10 10:21:07.743 INFO //获取返回信息11----------)：: https://api.weixin.qq.com/datacube/getusercumulate?access_token=
2018-08-10 10:21:08.170 INFO //获取返回信息22----------)：: {"errcode":41001,"errmsg":"access_token missing hint: [vxGDOA06721556]"}
2018-08-10 10:22:31.143 INFO //获取返回信息11----------)：: https://api.weixin.qq.com/datacube/getusercumulate?access_token=
2018-08-10 10:22:31.258 INFO //获取返回信息22----------)：: {"errcode":41001,"errmsg":"access_token missing hint: [2VczEA07561487]"}
2018-08-10 15:10:02.478 INFO //获取返回信息11----------)：: https://api.weixin.qq.com/datacube/getusercumulate?access_token=
2018-08-10 15:10:02.938 INFO //获取返回信息22----------)：: {"errcode":41001,"errmsg":"access_token missing hint: [QVLCDa00071556]"}
2018-08-10 15:16:54.247 INFO //获取返回信息11----------)：: https://api.weixin.qq.com/datacube/getusercumulate?access_token=
2018-08-10 15:16:54.667 INFO //获取返回信息22----------)：: {"errcode":41001,"errmsg":"access_token missing hint: [fvTGKa04191487]"}
2018-08-10 15:18:18.114 INFO //获取返回信息11----------)：: https://api.weixin.qq.com/datacube/getusercumulate?access_token=
2018-08-10 15:18:18.542 INFO //获取返回信息22----------)：: {"errcode":41001,"errmsg":"access_token missing hint: [UDLbSa05031504]"}
2018-08-10 15:18:51.193 INFO //获取返回信息11----------)：: https://api.weixin.qq.com/datacube/getusercumulate?access_token=
2018-08-10 15:18:51.287 INFO //获取返回信息22----------)：: {"errcode":41001,"errmsg":"access_token missing hint: [05361487]"}
2018-08-10 15:22:52.990 INFO //获取返回信息11----------)：: https://api.weixin.qq.com/datacube/getusercumulate?access_token=
2018-08-10 15:22:53.420 INFO //获取返回信息22----------)：: {"errcode":41001,"errmsg":"access_token missing hint: [2_Af.A07781487]"}
2018-08-10 15:23:14.249 INFO //获取返回信息11----------)：: https://api.weixin.qq.com/datacube/getusercumulate?access_token=
2018-08-10 15:23:14.338 INFO //获取返回信息22----------)：: {"errcode":41001,"errmsg":"access_token missing hint: [btTkVa07991487]"}
2018-08-10 15:29:33.704 INFO //获取返回信息11----------)：: https://api.weixin.qq.com/datacube/getusercumulate?access_token=
2018-08-10 15:29:34.137 INFO //获取返回信息22----------)：: {"errcode":41001,"errmsg":"access_token missing hint: [4UMLwa01791504]"}
2018-08-10 15:34:05.396 INFO //获取返回信息11----------)：: https://api.weixin.qq.com/datacube/getusercumulate?access_token=
2018-08-10 15:34:05.828 INFO //获取返回信息22----------)：: {"errcode":41001,"errmsg":"access_token missing hint: [O1msUa04501487]"}
2018-08-10 17:44:40.057 INFO 错误页3: 3
