2018-09-21 11:08:28.739 INFO //获取返回信息11----------)：: https://api.weixin.qq.com/datacube/getusercumulate?access_token=
2018-09-21 11:08:28.739 INFO //获取返回信息11----------)：: https://api.weixin.qq.com/datacube/getusercumulate?access_token=
2018-09-21 11:08:29.228 INFO //获取返回信息22----------)：: {"errcode":41001,"errmsg":"access_token missing hint: [N3zR2a03161504]"}
2018-09-21 11:09:26.830 INFO //获取返回信息11----------)：: https://api.weixin.qq.com/datacube/getusercumulate?access_token=
2018-09-21 11:09:27.045 INFO //获取返回信息22----------)：: {"errcode":41001,"errmsg":"access_token missing hint: [0blMKa03741487]"}
2018-09-21 11:10:09.342 INFO //获取返回信息11----------)：: https://api.weixin.qq.com/datacube/getusercumulate?access_token=
2018-09-21 11:10:09.471 INFO //获取返回信息22----------)：: {"errcode":41001,"errmsg":"access_token missing hint: [GeRPcA04161556]"}
2018-09-21 11:10:15.542 INFO 奖金列表报错信息: System.FormatException: 该字符串未被识别为有效的 DateTime。
   在 System.DateTimeParse.Parse(String s, DateTimeFormatInfo dtfi, DateTimeStyles styles)
   在 System.Convert.ToDateTime(String value)
   在 RM.Web.Melt.NothingPrize.api.GetAgentHotelList(HttpContext c) 位置 E:\刘航\酒店模板\c程序文件\RM.Web\Melt\NothingPrize\api.ashx.cs:行号 321
2018-09-21 11:10:56.844 INFO //获取返回信息11----------)：: https://api.weixin.qq.com/datacube/getusercumulate?access_token=
2018-09-21 11:10:56.958 INFO //获取返回信息22----------)：: {"errcode":41001,"errmsg":"access_token missing hint: [rx2aAa04641556]"}
2018-09-21 11:11:06.141 INFO 奖金列表报错信息: System.FormatException: 该字符串未被识别为有效的 DateTime。
   在 System.DateTimeParse.Parse(String s, DateTimeFormatInfo dtfi, DateTimeStyles styles)
   在 System.Convert.ToDateTime(String value)
   在 RM.Web.Melt.NothingPrize.api.GetAgentHotelList(HttpContext c) 位置 E:\刘航\酒店模板\c程序文件\RM.Web\Melt\NothingPrize\api.ashx.cs:行号 321
2018-09-21 11:11:15.237 INFO 奖金列表报错信息: System.FormatException: 该字符串未被识别为有效的 DateTime。
   在 System.DateTimeParse.Parse(String s, DateTimeFormatInfo dtfi, DateTimeStyles styles)
   在 System.Convert.ToDateTime(String value)
   在 RM.Web.Melt.NothingPrize.api.GetAgentHotelList(HttpContext c) 位置 E:\刘航\酒店模板\c程序文件\RM.Web\Melt\NothingPrize\api.ashx.cs:行号 321
2018-09-21 11:11:18.079 INFO //获取返回信息11----------)：: https://api.weixin.qq.com/datacube/getusercumulate?access_token=
2018-09-21 11:11:18.189 INFO //获取返回信息22----------)：: {"errcode":41001,"errmsg":"access_token missing hint: [DKoQ804851487]"}
2018-09-21 11:12:00.402 INFO 奖金列表报错信息: System.FormatException: 该字符串未被识别为有效的 DateTime。
   在 System.DateTimeParse.Parse(String s, DateTimeFormatInfo dtfi, DateTimeStyles styles)
   在 System.Convert.ToDateTime(String value)
   在 RM.Web.Melt.NothingPrize.api.GetAgentHotelList(HttpContext c) 位置 E:\刘航\酒店模板\c程序文件\RM.Web\Melt\NothingPrize\api.ashx.cs:行号 321
2018-09-21 11:12:14.387 INFO //获取返回信息11----------)：: https://api.weixin.qq.com/datacube/getusercumulate?access_token=
2018-09-21 11:12:14.505 INFO //获取返回信息22----------)：: {"errcode":41001,"errmsg":"access_token missing hint: [beIpKA05411504]"}
2018-09-21 11:14:14.293 INFO //获取返回信息11----------)：: https://api.weixin.qq.com/datacube/getusercumulate?access_token=
2018-09-21 11:14:14.723 INFO //获取返回信息22----------)：: {"errcode":41001,"errmsg":"access_token missing hint: [Nz4uJA06611504]"}
2018-09-21 11:14:19.560 INFO //获取返回信息11----------)：: https://api.weixin.qq.com/datacube/getusercumulate?access_token=
2018-09-21 11:14:19.667 INFO //获取返回信息22----------)：: {"errcode":41001,"errmsg":"access_token missing hint: [GUtb306661556]"}
2018-09-21 11:14:33.302 INFO //获取返回信息11----------)：: https://api.weixin.qq.com/datacube/getusercumulate?access_token=
2018-09-21 11:14:33.442 INFO //获取返回信息22----------)：: {"errcode":41001,"errmsg":"access_token missing hint: [gHNrRA06801556]"}
2018-09-21 11:38:46.985 INFO //获取返回信息11----------)：: https://api.weixin.qq.com/datacube/getusercumulate?access_token=
2018-09-21 11:38:47.415 INFO //获取返回信息22----------)：: {"errcode":41001,"errmsg":"access_token missing hint: [C7PEgA01341504]"}
2018-09-21 11:46:45.887 INFO //获取返回信息11----------)：: https://api.weixin.qq.com/datacube/getusercumulate?access_token=
2018-09-21 11:46:46.345 INFO //获取返回信息22----------)：: {"errcode":41001,"errmsg":"access_token missing hint: [2WU1Ha06131504]"}
2018-09-21 11:46:52.088 INFO 奖金列表报错信息: System.FormatException: 该字符串未被识别为有效的 DateTime。
   在 System.DateTimeParse.Parse(String s, DateTimeFormatInfo dtfi, DateTimeStyles styles)
   在 System.Convert.ToDateTime(String value)
   在 RM.Web.Melt.NothingPrize.api.GetAgentHotelList(HttpContext c) 位置 E:\刘航\酒店模板\c程序文件\RM.Web\Melt\NothingPrize\api.ashx.cs:行号 321
2018-09-21 11:46:57.775 INFO 奖金列表报错信息: System.FormatException: 该字符串未被识别为有效的 DateTime。
   在 System.DateTimeParse.Parse(String s, DateTimeFormatInfo dtfi, DateTimeStyles styles)
   在 System.Convert.ToDateTime(String value)
   在 RM.Web.Melt.NothingPrize.api.GetAgentHotelList(HttpContext c) 位置 E:\刘航\酒店模板\c程序文件\RM.Web\Melt\NothingPrize\api.ashx.cs:行号 321
2018-09-21 11:48:10.277 INFO //获取返回信息11----------)：: https://api.weixin.qq.com/datacube/getusercumulate?access_token=
2018-09-21 11:48:10.393 INFO //获取返回信息22----------)：: {"errcode":41001,"errmsg":"access_token missing hint: [wvAwPA06971556]"}
